2026-05-23 17:20:07.979 +07:00 [INF] Executed DbCommand (21ms) [Parameters=[], CommandType='"Text"', CommandTimeout='30']
SELECT 1
2026-05-23 17:20:08.019 +07:00 [INF] Acquiring an exclusive lock for migration application. See https://aka.ms/efcore-docs-migrations-lock for more information if this takes too long.
2026-05-23 17:20:08.055 +07:00 [INF] Executed DbCommand (34ms) [Parameters=[], CommandType='"Text"', CommandTimeout='30']
DECLARE @result int;
EXEC @result = sp_getapplock @Resource = '__EFMigrationsLock', @LockOwner = 'Session', @LockMode = 'Exclusive';
SELECT @result
2026-05-23 17:20:08.124 +07:00 [INF] Executed DbCommand (7ms) [Parameters=[], CommandType='"Text"', CommandTimeout='30']
IF OBJECT_ID(N'[__EFMigrationsHistory]') IS NULL
BEGIN
    CREATE TABLE [__EFMigrationsHistory] (
        [MigrationId] nvarchar(150) NOT NULL,
        [ProductVersion] nvarchar(32) NOT NULL,
        CONSTRAINT [PK___EFMigrationsHistory] PRIMARY KEY ([MigrationId])
    );
END;
2026-05-23 17:20:08.134 +07:00 [INF] Executed DbCommand (1ms) [Parameters=[], CommandType='"Text"', CommandTimeout='30']
SELECT 1
2026-05-23 17:20:08.136 +07:00 [INF] Executed DbCommand (1ms) [Parameters=[], CommandType='"Text"', CommandTimeout='30']
SELECT OBJECT_ID(N'[__EFMigrationsHistory]');
2026-05-23 17:20:08.158 +07:00 [INF] Executed DbCommand (20ms) [Parameters=[], CommandType='"Text"', CommandTimeout='30']
SELECT [MigrationId], [ProductVersion]
FROM [__EFMigrationsHistory]
ORDER BY [MigrationId];
2026-05-23 17:20:08.169 +07:00 [INF] Applying migration '20260514032556_AddPerformanceIndexes'.
2026-05-23 17:20:08.226 +07:00 [INF] Executed DbCommand (23ms) [Parameters=[], CommandType='"Text"', CommandTimeout='30']
CREATE INDEX [IX_Products_IsDeleted] ON [Products] ([IsDeleted]);
2026-05-23 17:20:08.230 +07:00 [INF] Executed DbCommand (3ms) [Parameters=[], CommandType='"Text"', CommandTimeout='30']
CREATE INDEX [IX_Products_Price] ON [Products] ([Price]);
2026-05-23 17:20:08.231 +07:00 [INF] Executed DbCommand (1ms) [Parameters=[], CommandType='"Text"', CommandTimeout='30']
CREATE INDEX [IX_Products_Status] ON [Products] ([Status]);
2026-05-23 17:20:08.238 +07:00 [INF] Executed DbCommand (7ms) [Parameters=[], CommandType='"Text"', CommandTimeout='30']
INSERT INTO [__EFMigrationsHistory] ([MigrationId], [ProductVersion])
VALUES (N'20260514032556_AddPerformanceIndexes', N'10.0.8');
2026-05-23 17:20:08.239 +07:00 [INF] Applying migration '20260523101949_UpdateProductIndexAndSize'.
2026-05-23 17:20:08.265 +07:00 [INF] Executed DbCommand (8ms) [Parameters=[], CommandType='"Text"', CommandTimeout='30']
DROP INDEX [IX_Products_CategoryId] ON [Products];
2026-05-23 17:20:08.267 +07:00 [INF] Executed DbCommand (2ms) [Parameters=[], CommandType='"Text"', CommandTimeout='30']
DROP INDEX [IX_Products_IsDeleted] ON [Products];
2026-05-23 17:20:08.270 +07:00 [INF] Executed DbCommand (2ms) [Parameters=[], CommandType='"Text"', CommandTimeout='30']
DROP INDEX [IX_Products_Price] ON [Products];
2026-05-23 17:20:08.272 +07:00 [INF] Executed DbCommand (2ms) [Parameters=[], CommandType='"Text"', CommandTimeout='30']
DROP INDEX [IX_Products_ProvinceId] ON [Products];
2026-05-23 17:20:08.274 +07:00 [INF] Executed DbCommand (2ms) [Parameters=[], CommandType='"Text"', CommandTimeout='30']
DROP INDEX [IX_Products_Status] ON [Products];
2026-05-23 17:20:08.290 +07:00 [INF] Executed DbCommand (16ms) [Parameters=[], CommandType='"Text"', CommandTimeout='30']
ALTER TABLE [Products] ADD [Size] nvarchar(max) NULL;
2026-05-23 17:20:08.292 +07:00 [INF] Executed DbCommand (1ms) [Parameters=[], CommandType='"Text"', CommandTimeout='30']
CREATE INDEX [IX_Products_Category_Status_IsDeleted] ON [Products] ([CategoryId], [Status], [IsDeleted]);
2026-05-23 17:20:08.295 +07:00 [INF] Executed DbCommand (3ms) [Parameters=[], CommandType='"Text"', CommandTimeout='30']
CREATE INDEX [IX_Products_Province_Status_IsDeleted] ON [Products] ([ProvinceId], [Status], [IsDeleted]);
2026-05-23 17:20:08.296 +07:00 [INF] Executed DbCommand (1ms) [Parameters=[], CommandType='"Text"', CommandTimeout='30']
CREATE INDEX [IX_Products_Status_CreatedAt] ON [Products] ([Status], [IsDeleted], [CreatedAt]);
2026-05-23 17:20:08.298 +07:00 [INF] Executed DbCommand (2ms) [Parameters=[], CommandType='"Text"', CommandTimeout='30']
CREATE INDEX [IX_Products_Status_Price] ON [Products] ([Status], [IsDeleted], [Price]);
2026-05-23 17:20:08.300 +07:00 [INF] Executed DbCommand (1ms) [Parameters=[], CommandType='"Text"', CommandTimeout='30']
INSERT INTO [__EFMigrationsHistory] ([MigrationId], [ProductVersion])
VALUES (N'20260523101949_UpdateProductIndexAndSize', N'10.0.8');
2026-05-23 17:20:08.308 +07:00 [INF] Executed DbCommand (6ms) [Parameters=[], CommandType='"Text"', CommandTimeout='30']
DECLARE @result int;
EXEC @result = sp_releaseapplock @Resource = '__EFMigrationsLock', @LockOwner = 'Session';
SELECT @result
2026-05-23 17:20:28.797 +07:00 [INF] Now listening on: http://localhost:5189
2026-05-23 17:20:28.828 +07:00 [INF] Application started. Press Ctrl+C to shut down.
2026-05-23 17:20:28.828 +07:00 [INF] Hosting environment: Development
2026-05-23 17:20:28.828 +07:00 [INF] Content root path: d:\Desktop\xixihihi\Xixihihi.API
