2026-05-30 23:39:59.192 +07:00 [ERR] Failed executing DbCommand (47ms) [Parameters=[], CommandType='"Text"', CommandTimeout='30']
SELECT "MigrationId", "ProductVersion"
FROM "__EFMigrationsHistory"
ORDER BY "MigrationId";
2026-05-30 23:39:59.487 +07:00 [INF] Acquiring an exclusive lock for migration application. See https://aka.ms/efcore-docs-migrations-lock for more information if this takes too long.
2026-05-30 23:39:59.554 +07:00 [INF] Applying migration '20260530144227_InitialCreate'.
2026-05-30 23:39:59.679 +07:00 [INF] Executed DbCommand (32ms) [Parameters=[], CommandType='"Text"', CommandTimeout='30']
CREATE TABLE "Wards" (
    "Id" uuid NOT NULL,
    "Name" character varying(100) NOT NULL,
    "ProvinceId" uuid NOT NULL,
    "CreatedAt" timestamp with time zone NOT NULL,
    "UpdatedAt" timestamp with time zone,
    "IsDeleted" boolean NOT NULL,
    CONSTRAINT "PK_Wards" PRIMARY KEY ("Id"),
    CONSTRAINT "FK_Wards_Provinces_ProvinceId" FOREIGN KEY ("ProvinceId") REFERENCES "Provinces" ("Id") ON DELETE RESTRICT
);
2026-05-30 23:39:59.715 +07:00 [INF] Executed DbCommand (30ms) [Parameters=[], CommandType='"Text"', CommandTimeout='30']
CREATE TABLE "Users" (
    "Id" uuid NOT NULL,
    "Email" character varying(256) NOT NULL,
    "DisplayName" character varying(100) NOT NULL,
    "AvatarUrl" character varying(2000),
    "PhoneNumber" character varying(20),
    "ZaloLink" character varying(2000),
    "FacebookLink" character varying(2000),
    "Role" character varying(50) NOT NULL,
    "Status" character varying(50) NOT NULL,
    "RefreshToken" text,
    "RefreshTokenExpiryTime" timestamp with time zone,
    "ProvinceId" uuid,
    "WardId" uuid,
    "CreatedAt" timestamp with time zone NOT NULL,
    "UpdatedAt" timestamp with time zone,
    "IsDeleted" boolean NOT NULL,
    CONSTRAINT "PK_Users" PRIMARY KEY ("Id"),
    CONSTRAINT "FK_Users_Provinces_ProvinceId" FOREIGN KEY ("ProvinceId") REFERENCES "Provinces" ("Id") ON DELETE RESTRICT,
    CONSTRAINT "FK_Users_Wards_WardId" FOREIGN KEY ("WardId") REFERENCES "Wards" ("Id") ON DELETE RESTRICT
);
2026-05-30 23:39:59.746 +07:00 [INF] Executed DbCommand (30ms) [Parameters=[], CommandType='"Text"', CommandTimeout='30']
CREATE TABLE "ExternalLogins" (
    "Id" uuid NOT NULL,
    "UserId" uuid NOT NULL,
    "Provider" character varying(50) NOT NULL,
    "ProviderKey" character varying(256) NOT NULL,
    "CreatedAt" timestamp with time zone NOT NULL,
    "UpdatedAt" timestamp with time zone,
    "IsDeleted" boolean NOT NULL,
    CONSTRAINT "PK_ExternalLogins" PRIMARY KEY ("Id"),
    CONSTRAINT "FK_ExternalLogins_Users_UserId" FOREIGN KEY ("UserId") REFERENCES "Users" ("Id") ON DELETE CASCADE
);
2026-05-30 23:39:59.779 +07:00 [INF] Executed DbCommand (32ms) [Parameters=[], CommandType='"Text"', CommandTimeout='30']
CREATE TABLE "Notifications" (
    "Id" uuid NOT NULL,
    "UserId" uuid NOT NULL,
    "Title" character varying(200) NOT NULL,
    "Message" character varying(1000) NOT NULL,
    "ReferenceId" uuid,
    "ReferenceLink" character varying(500),
    "Type" integer NOT NULL,
    "IsRead" boolean NOT NULL,
    "CreatedAt" timestamp with time zone NOT NULL,
    "UpdatedAt" timestamp with time zone,
    "IsDeleted" boolean NOT NULL,
    CONSTRAINT "PK_Notifications" PRIMARY KEY ("Id"),
    CONSTRAINT "FK_Notifications_Users_UserId" FOREIGN KEY ("UserId") REFERENCES "Users" ("Id") ON DELETE CASCADE
);
2026-05-30 23:39:59.814 +07:00 [INF] Executed DbCommand (33ms) [Parameters=[], CommandType='"Text"', CommandTimeout='30']
CREATE TABLE "Products" (
    "Id" uuid NOT NULL,
    "Title" character varying(255) NOT NULL,
    "Description" text NOT NULL,
    "Price" numeric(18,2) NOT NULL,
    "IsNegotiable" boolean NOT NULL,
    "Condition" character varying(50) NOT NULL,
    "Status" character varying(50) NOT NULL,
    "TransactionType" character varying(50) NOT NULL,
    "CategoryId" uuid NOT NULL,
    "Brand" character varying(100),
    "Size" text,
    "ProvinceId" uuid NOT NULL,
    "WardId" uuid NOT NULL,
    "SellerId" uuid NOT NULL,
    "CreatedAt" timestamp with time zone NOT NULL,
    "UpdatedAt" timestamp with time zone,
    "IsDeleted" boolean NOT NULL,
    CONSTRAINT "PK_Products" PRIMARY KEY ("Id"),
    CONSTRAINT "FK_Products_Categories_CategoryId" FOREIGN KEY ("CategoryId") REFERENCES "Categories" ("Id") ON DELETE RESTRICT,
    CONSTRAINT "FK_Products_Provinces_ProvinceId" FOREIGN KEY ("ProvinceId") REFERENCES "Provinces" ("Id") ON DELETE RESTRICT,
    CONSTRAINT "FK_Products_Users_SellerId" FOREIGN KEY ("SellerId") REFERENCES "Users" ("Id") ON DELETE RESTRICT,
    CONSTRAINT "FK_Products_Wards_WardId" FOREIGN KEY ("WardId") REFERENCES "Wards" ("Id") ON DELETE RESTRICT
);
2026-05-30 23:39:59.846 +07:00 [INF] Executed DbCommand (31ms) [Parameters=[], CommandType='"Text"', CommandTimeout='30']
CREATE TABLE "SavedSearches" (
    "Id" uuid NOT NULL,
    "UserId" uuid NOT NULL,
    "SearchTerm" character varying(200),
    "CategoryId" uuid,
    "MinPrice" numeric(18,2),
    "MaxPrice" numeric(18,2),
    "ProvinceId" uuid,
    "Name" character varying(200) NOT NULL,
    "IsActive" boolean NOT NULL,
    "CreatedAt" timestamp with time zone NOT NULL,
    "UpdatedAt" timestamp with time zone,
    "IsDeleted" boolean NOT NULL,
    CONSTRAINT "PK_SavedSearches" PRIMARY KEY ("Id"),
    CONSTRAINT "FK_SavedSearches_Users_UserId" FOREIGN KEY ("UserId") REFERENCES "Users" ("Id") ON DELETE CASCADE
);
2026-05-30 23:39:59.879 +07:00 [INF] Executed DbCommand (31ms) [Parameters=[], CommandType='"Text"', CommandTimeout='30']
CREATE TABLE "SellerRatings" (
    "Id" uuid NOT NULL,
    "SellerId" uuid NOT NULL,
    "ReviewerId" uuid NOT NULL,
    "Rating" integer NOT NULL,
    "Comment" character varying(500),
    "CreatedAt" timestamp with time zone NOT NULL,
    "UpdatedAt" timestamp with time zone,
    "IsDeleted" boolean NOT NULL,
    CONSTRAINT "PK_SellerRatings" PRIMARY KEY ("Id"),
    CONSTRAINT "FK_SellerRatings_Users_ReviewerId" FOREIGN KEY ("ReviewerId") REFERENCES "Users" ("Id") ON DELETE RESTRICT,
    CONSTRAINT "FK_SellerRatings_Users_SellerId" FOREIGN KEY ("SellerId") REFERENCES "Users" ("Id") ON DELETE RESTRICT
);
2026-05-30 23:39:59.911 +07:00 [INF] Executed DbCommand (30ms) [Parameters=[], CommandType='"Text"', CommandTimeout='30']
CREATE TABLE "ProductImages" (
    "Id" uuid NOT NULL,
    "ProductId" uuid NOT NULL,
    "Url" character varying(2000) NOT NULL,
    "CloudinaryPublicId" text NOT NULL,
    "SortOrder" integer NOT NULL,
    "CreatedAt" timestamp with time zone NOT NULL,
    "UpdatedAt" timestamp with time zone,
    "IsDeleted" boolean NOT NULL,
    CONSTRAINT "PK_ProductImages" PRIMARY KEY ("Id"),
    CONSTRAINT "FK_ProductImages_Products_ProductId" FOREIGN KEY ("ProductId") REFERENCES "Products" ("Id") ON DELETE CASCADE
);
2026-05-30 23:39:59.942 +07:00 [INF] Executed DbCommand (28ms) [Parameters=[], CommandType='"Text"', CommandTimeout='30']
CREATE UNIQUE INDEX "IX_ExternalLogins_Provider_ProviderKey" ON "ExternalLogins" ("Provider", "ProviderKey");
2026-05-30 23:39:59.973 +07:00 [INF] Executed DbCommand (28ms) [Parameters=[], CommandType='"Text"', CommandTimeout='30']
CREATE INDEX "IX_ExternalLogins_UserId" ON "ExternalLogins" ("UserId");
2026-05-30 23:40:00.003 +07:00 [INF] Executed DbCommand (29ms) [Parameters=[], CommandType='"Text"', CommandTimeout='30']
CREATE INDEX "IX_Notifications_User_CreatedAt" ON "Notifications" ("UserId", "IsDeleted", "CreatedAt");
2026-05-30 23:40:00.032 +07:00 [INF] Executed DbCommand (28ms) [Parameters=[], CommandType='"Text"', CommandTimeout='30']
CREATE INDEX "IX_ProductImages_ProductId" ON "ProductImages" ("ProductId");
2026-05-30 23:40:00.062 +07:00 [INF] Executed DbCommand (29ms) [Parameters=[], CommandType='"Text"', CommandTimeout='30']
CREATE INDEX "IX_Products_Category_Status_IsDeleted" ON "Products" ("CategoryId", "Status", "IsDeleted");
2026-05-30 23:40:00.094 +07:00 [INF] Executed DbCommand (30ms) [Parameters=[], CommandType='"Text"', CommandTimeout='30']
CREATE INDEX "IX_Products_Province_Status_IsDeleted" ON "Products" ("ProvinceId", "Status", "IsDeleted");
2026-05-30 23:40:00.125 +07:00 [INF] Executed DbCommand (28ms) [Parameters=[], CommandType='"Text"', CommandTimeout='30']
CREATE INDEX "IX_Products_SellerId" ON "Products" ("SellerId");
2026-05-30 23:40:00.157 +07:00 [INF] Executed DbCommand (29ms) [Parameters=[], CommandType='"Text"', CommandTimeout='30']
CREATE INDEX "IX_Products_Status_CreatedAt" ON "Products" ("Status", "IsDeleted", "CreatedAt");
2026-05-30 23:40:00.187 +07:00 [INF] Executed DbCommand (28ms) [Parameters=[], CommandType='"Text"', CommandTimeout='30']
CREATE INDEX "IX_Products_Status_Price" ON "Products" ("Status", "IsDeleted", "Price");
2026-05-30 23:40:00.216 +07:00 [INF] Executed DbCommand (28ms) [Parameters=[], CommandType='"Text"', CommandTimeout='30']
CREATE INDEX "IX_Products_WardId" ON "Products" ("WardId");
2026-05-30 23:40:00.250 +07:00 [INF] Executed DbCommand (33ms) [Parameters=[], CommandType='"Text"', CommandTimeout='30']
CREATE UNIQUE INDEX "IX_Provinces_Code" ON "Provinces" ("Code");
2026-05-30 23:40:00.280 +07:00 [INF] Executed DbCommand (28ms) [Parameters=[], CommandType='"Text"', CommandTimeout='30']
CREATE INDEX "IX_SavedSearches_UserId" ON "SavedSearches" ("UserId");
2026-05-30 23:40:00.310 +07:00 [INF] Executed DbCommand (29ms) [Parameters=[], CommandType='"Text"', CommandTimeout='30']
CREATE INDEX "IX_SellerRatings_ReviewerId" ON "SellerRatings" ("ReviewerId");
2026-05-30 23:40:00.341 +07:00 [INF] Executed DbCommand (28ms) [Parameters=[], CommandType='"Text"', CommandTimeout='30']
CREATE UNIQUE INDEX "IX_SellerRatings_SellerId_ReviewerId" ON "SellerRatings" ("SellerId", "ReviewerId");
2026-05-30 23:40:00.371 +07:00 [INF] Executed DbCommand (28ms) [Parameters=[], CommandType='"Text"', CommandTimeout='30']
CREATE UNIQUE INDEX "IX_Users_Email" ON "Users" ("Email");
2026-05-30 23:40:00.401 +07:00 [INF] Executed DbCommand (29ms) [Parameters=[], CommandType='"Text"', CommandTimeout='30']
CREATE INDEX "IX_Users_ProvinceId" ON "Users" ("ProvinceId");
2026-05-30 23:40:00.436 +07:00 [ERR] Failed executing DbCommand (33ms) [Parameters=[], CommandType='"Text"', CommandTimeout='30']
CREATE UNIQUE INDEX "IX_Users_RefreshToken" ON "Users" ("RefreshToken") WHERE [RefreshToken] IS NOT NULL;
2026-05-30 23:41:23.028 +07:00 [INF] Executed DbCommand (64ms) [Parameters=[], CommandType='"Text"', CommandTimeout='30']
SELECT "MigrationId", "ProductVersion"
FROM "__EFMigrationsHistory"
ORDER BY "MigrationId";
2026-05-30 23:41:23.336 +07:00 [INF] Executed DbCommand (31ms) [Parameters=[], CommandType='"Text"', CommandTimeout='30']
SELECT 1
2026-05-30 23:41:23.420 +07:00 [INF] Executed DbCommand (31ms) [Parameters=[], CommandType='"Text"', CommandTimeout='30']
CREATE TABLE IF NOT EXISTS "__EFMigrationsHistory" (
    "MigrationId" character varying(150) NOT NULL,
    "ProductVersion" character varying(32) NOT NULL,
    CONSTRAINT "PK___EFMigrationsHistory" PRIMARY KEY ("MigrationId")
);
2026-05-30 23:41:23.458 +07:00 [INF] Acquiring an exclusive lock for migration application. See https://aka.ms/efcore-docs-migrations-lock for more information if this takes too long.
2026-05-30 23:41:23.485 +07:00 [INF] Executed DbCommand (27ms) [Parameters=[], CommandType='"Text"', CommandTimeout='30']
LOCK TABLE "__EFMigrationsHistory" IN ACCESS EXCLUSIVE MODE
2026-05-30 23:41:23.515 +07:00 [INF] Executed DbCommand (29ms) [Parameters=[], CommandType='"Text"', CommandTimeout='30']
SELECT "MigrationId", "ProductVersion"
FROM "__EFMigrationsHistory"
ORDER BY "MigrationId";
2026-05-30 23:41:23.525 +07:00 [INF] Applying migration '20260530144227_InitialCreate'.
2026-05-30 23:41:23.616 +07:00 [INF] Executed DbCommand (35ms) [Parameters=[], CommandType='"Text"', CommandTimeout='30']
CREATE TABLE "Categories" (
    "Id" uuid NOT NULL,
    "Name" character varying(100) NOT NULL,
    "Description" character varying(500),
    "IconUrl" character varying(2000),
    "CreatedAt" timestamp with time zone NOT NULL,
    "UpdatedAt" timestamp with time zone,
    "IsDeleted" boolean NOT NULL,
    CONSTRAINT "PK_Categories" PRIMARY KEY ("Id")
);
2026-05-30 23:41:23.645 +07:00 [INF] Executed DbCommand (28ms) [Parameters=[], CommandType='"Text"', CommandTimeout='30']
CREATE TABLE "Provinces" (
    "Id" uuid NOT NULL,
    "Name" character varying(100) NOT NULL,
    "Code" character varying(20) NOT NULL,
    "CreatedAt" timestamp with time zone NOT NULL,
    "UpdatedAt" timestamp with time zone,
    "IsDeleted" boolean NOT NULL,
    CONSTRAINT "PK_Provinces" PRIMARY KEY ("Id")
);
2026-05-30 23:41:23.675 +07:00 [INF] Executed DbCommand (30ms) [Parameters=[], CommandType='"Text"', CommandTimeout='30']
CREATE TABLE "Wards" (
    "Id" uuid NOT NULL,
    "Name" character varying(100) NOT NULL,
    "ProvinceId" uuid NOT NULL,
    "CreatedAt" timestamp with time zone NOT NULL,
    "UpdatedAt" timestamp with time zone,
    "IsDeleted" boolean NOT NULL,
    CONSTRAINT "PK_Wards" PRIMARY KEY ("Id"),
    CONSTRAINT "FK_Wards_Provinces_ProvinceId" FOREIGN KEY ("ProvinceId") REFERENCES "Provinces" ("Id") ON DELETE RESTRICT
);
2026-05-30 23:41:23.707 +07:00 [INF] Executed DbCommand (32ms) [Parameters=[], CommandType='"Text"', CommandTimeout='30']
CREATE TABLE "Users" (
    "Id" uuid NOT NULL,
    "Email" character varying(256) NOT NULL,
    "DisplayName" character varying(100) NOT NULL,
    "AvatarUrl" character varying(2000),
    "PhoneNumber" character varying(20),
    "ZaloLink" character varying(2000),
    "FacebookLink" character varying(2000),
    "Role" character varying(50) NOT NULL,
    "Status" character varying(50) NOT NULL,
    "RefreshToken" text,
    "RefreshTokenExpiryTime" timestamp with time zone,
    "ProvinceId" uuid,
    "WardId" uuid,
    "CreatedAt" timestamp with time zone NOT NULL,
    "UpdatedAt" timestamp with time zone,
    "IsDeleted" boolean NOT NULL,
    CONSTRAINT "PK_Users" PRIMARY KEY ("Id"),
    CONSTRAINT "FK_Users_Provinces_ProvinceId" FOREIGN KEY ("ProvinceId") REFERENCES "Provinces" ("Id") ON DELETE RESTRICT,
    CONSTRAINT "FK_Users_Wards_WardId" FOREIGN KEY ("WardId") REFERENCES "Wards" ("Id") ON DELETE RESTRICT
);
2026-05-30 23:41:23.736 +07:00 [INF] Executed DbCommand (28ms) [Parameters=[], CommandType='"Text"', CommandTimeout='30']
CREATE TABLE "ExternalLogins" (
    "Id" uuid NOT NULL,
    "UserId" uuid NOT NULL,
    "Provider" character varying(50) NOT NULL,
    "ProviderKey" character varying(256) NOT NULL,
    "CreatedAt" timestamp with time zone NOT NULL,
    "UpdatedAt" timestamp with time zone,
    "IsDeleted" boolean NOT NULL,
    CONSTRAINT "PK_ExternalLogins" PRIMARY KEY ("Id"),
    CONSTRAINT "FK_ExternalLogins_Users_UserId" FOREIGN KEY ("UserId") REFERENCES "Users" ("Id") ON DELETE CASCADE
);
2026-05-30 23:41:23.788 +07:00 [INF] Executed DbCommand (29ms) [Parameters=[], CommandType='"Text"', CommandTimeout='30']
CREATE TABLE "Notifications" (
    "Id" uuid NOT NULL,
    "UserId" uuid NOT NULL,
    "Title" character varying(200) NOT NULL,
    "Message" character varying(1000) NOT NULL,
    "ReferenceId" uuid,
    "ReferenceLink" character varying(500),
    "Type" integer NOT NULL,
    "IsRead" boolean NOT NULL,
    "CreatedAt" timestamp with time zone NOT NULL,
    "UpdatedAt" timestamp with time zone,
    "IsDeleted" boolean NOT NULL,
    CONSTRAINT "PK_Notifications" PRIMARY KEY ("Id"),
    CONSTRAINT "FK_Notifications_Users_UserId" FOREIGN KEY ("UserId") REFERENCES "Users" ("Id") ON DELETE CASCADE
);
2026-05-30 23:41:23.819 +07:00 [INF] Executed DbCommand (30ms) [Parameters=[], CommandType='"Text"', CommandTimeout='30']
CREATE TABLE "Products" (
    "Id" uuid NOT NULL,
    "Title" character varying(255) NOT NULL,
    "Description" text NOT NULL,
    "Price" numeric(18,2) NOT NULL,
    "IsNegotiable" boolean NOT NULL,
    "Condition" character varying(50) NOT NULL,
    "Status" character varying(50) NOT NULL,
    "TransactionType" character varying(50) NOT NULL,
    "CategoryId" uuid NOT NULL,
    "Brand" character varying(100),
    "Size" text,
    "ProvinceId" uuid NOT NULL,
    "WardId" uuid NOT NULL,
    "SellerId" uuid NOT NULL,
    "CreatedAt" timestamp with time zone NOT NULL,
    "UpdatedAt" timestamp with time zone,
    "IsDeleted" boolean NOT NULL,
    CONSTRAINT "PK_Products" PRIMARY KEY ("Id"),
    CONSTRAINT "FK_Products_Categories_CategoryId" FOREIGN KEY ("CategoryId") REFERENCES "Categories" ("Id") ON DELETE RESTRICT,
    CONSTRAINT "FK_Products_Provinces_ProvinceId" FOREIGN KEY ("ProvinceId") REFERENCES "Provinces" ("Id") ON DELETE RESTRICT,
    CONSTRAINT "FK_Products_Users_SellerId" FOREIGN KEY ("SellerId") REFERENCES "Users" ("Id") ON DELETE RESTRICT,
    CONSTRAINT "FK_Products_Wards_WardId" FOREIGN KEY ("WardId") REFERENCES "Wards" ("Id") ON DELETE RESTRICT
);
2026-05-30 23:41:23.850 +07:00 [INF] Executed DbCommand (31ms) [Parameters=[], CommandType='"Text"', CommandTimeout='30']
CREATE TABLE "SavedSearches" (
    "Id" uuid NOT NULL,
    "UserId" uuid NOT NULL,
    "SearchTerm" character varying(200),
    "CategoryId" uuid,
    "MinPrice" numeric(18,2),
    "MaxPrice" numeric(18,2),
    "ProvinceId" uuid,
    "Name" character varying(200) NOT NULL,
    "IsActive" boolean NOT NULL,
    "CreatedAt" timestamp with time zone NOT NULL,
    "UpdatedAt" timestamp with time zone,
    "IsDeleted" boolean NOT NULL,
    CONSTRAINT "PK_SavedSearches" PRIMARY KEY ("Id"),
    CONSTRAINT "FK_SavedSearches_Users_UserId" FOREIGN KEY ("UserId") REFERENCES "Users" ("Id") ON DELETE CASCADE
);
2026-05-30 23:41:23.880 +07:00 [INF] Executed DbCommand (29ms) [Parameters=[], CommandType='"Text"', CommandTimeout='30']
CREATE TABLE "SellerRatings" (
    "Id" uuid NOT NULL,
    "SellerId" uuid NOT NULL,
    "ReviewerId" uuid NOT NULL,
    "Rating" integer NOT NULL,
    "Comment" character varying(500),
    "CreatedAt" timestamp with time zone NOT NULL,
    "UpdatedAt" timestamp with time zone,
    "IsDeleted" boolean NOT NULL,
    CONSTRAINT "PK_SellerRatings" PRIMARY KEY ("Id"),
    CONSTRAINT "FK_SellerRatings_Users_ReviewerId" FOREIGN KEY ("ReviewerId") REFERENCES "Users" ("Id") ON DELETE RESTRICT,
    CONSTRAINT "FK_SellerRatings_Users_SellerId" FOREIGN KEY ("SellerId") REFERENCES "Users" ("Id") ON DELETE RESTRICT
);
2026-05-30 23:41:23.909 +07:00 [INF] Executed DbCommand (29ms) [Parameters=[], CommandType='"Text"', CommandTimeout='30']
CREATE TABLE "ProductImages" (
    "Id" uuid NOT NULL,
    "ProductId" uuid NOT NULL,
    "Url" character varying(2000) NOT NULL,
    "CloudinaryPublicId" text NOT NULL,
    "SortOrder" integer NOT NULL,
    "CreatedAt" timestamp with time zone NOT NULL,
    "UpdatedAt" timestamp with time zone,
    "IsDeleted" boolean NOT NULL,
    CONSTRAINT "PK_ProductImages" PRIMARY KEY ("Id"),
    CONSTRAINT "FK_ProductImages_Products_ProductId" FOREIGN KEY ("ProductId") REFERENCES "Products" ("Id") ON DELETE CASCADE
);
2026-05-30 23:41:23.938 +07:00 [INF] Executed DbCommand (29ms) [Parameters=[], CommandType='"Text"', CommandTimeout='30']
CREATE UNIQUE INDEX "IX_ExternalLogins_Provider_ProviderKey" ON "ExternalLogins" ("Provider", "ProviderKey");
2026-05-30 23:41:23.967 +07:00 [INF] Executed DbCommand (28ms) [Parameters=[], CommandType='"Text"', CommandTimeout='30']
CREATE INDEX "IX_ExternalLogins_UserId" ON "ExternalLogins" ("UserId");
2026-05-30 23:41:23.995 +07:00 [INF] Executed DbCommand (28ms) [Parameters=[], CommandType='"Text"', CommandTimeout='30']
CREATE INDEX "IX_Notifications_User_CreatedAt" ON "Notifications" ("UserId", "IsDeleted", "CreatedAt");
2026-05-30 23:41:24.024 +07:00 [INF] Executed DbCommand (28ms) [Parameters=[], CommandType='"Text"', CommandTimeout='30']
CREATE INDEX "IX_ProductImages_ProductId" ON "ProductImages" ("ProductId");
2026-05-30 23:41:24.052 +07:00 [INF] Executed DbCommand (28ms) [Parameters=[], CommandType='"Text"', CommandTimeout='30']
CREATE INDEX "IX_Products_Category_Status_IsDeleted" ON "Products" ("CategoryId", "Status", "IsDeleted");
2026-05-30 23:41:24.085 +07:00 [INF] Executed DbCommand (32ms) [Parameters=[], CommandType='"Text"', CommandTimeout='30']
CREATE INDEX "IX_Products_Province_Status_IsDeleted" ON "Products" ("ProvinceId", "Status", "IsDeleted");
2026-05-30 23:41:24.118 +07:00 [INF] Executed DbCommand (32ms) [Parameters=[], CommandType='"Text"', CommandTimeout='30']
CREATE INDEX "IX_Products_SellerId" ON "Products" ("SellerId");
2026-05-30 23:41:24.150 +07:00 [INF] Executed DbCommand (32ms) [Parameters=[], CommandType='"Text"', CommandTimeout='30']
CREATE INDEX "IX_Products_Status_CreatedAt" ON "Products" ("Status", "IsDeleted", "CreatedAt");
2026-05-30 23:41:24.179 +07:00 [INF] Executed DbCommand (28ms) [Parameters=[], CommandType='"Text"', CommandTimeout='30']
CREATE INDEX "IX_Products_Status_Price" ON "Products" ("Status", "IsDeleted", "Price");
2026-05-30 23:41:24.207 +07:00 [INF] Executed DbCommand (28ms) [Parameters=[], CommandType='"Text"', CommandTimeout='30']
CREATE INDEX "IX_Products_WardId" ON "Products" ("WardId");
2026-05-30 23:41:24.235 +07:00 [INF] Executed DbCommand (27ms) [Parameters=[], CommandType='"Text"', CommandTimeout='30']
CREATE UNIQUE INDEX "IX_Provinces_Code" ON "Provinces" ("Code");
2026-05-30 23:41:24.263 +07:00 [INF] Executed DbCommand (28ms) [Parameters=[], CommandType='"Text"', CommandTimeout='30']
CREATE INDEX "IX_SavedSearches_UserId" ON "SavedSearches" ("UserId");
2026-05-30 23:41:24.292 +07:00 [INF] Executed DbCommand (29ms) [Parameters=[], CommandType='"Text"', CommandTimeout='30']
CREATE INDEX "IX_SellerRatings_ReviewerId" ON "SellerRatings" ("ReviewerId");
2026-05-30 23:41:24.321 +07:00 [INF] Executed DbCommand (28ms) [Parameters=[], CommandType='"Text"', CommandTimeout='30']
CREATE UNIQUE INDEX "IX_SellerRatings_SellerId_ReviewerId" ON "SellerRatings" ("SellerId", "ReviewerId");
2026-05-30 23:41:24.351 +07:00 [INF] Executed DbCommand (29ms) [Parameters=[], CommandType='"Text"', CommandTimeout='30']
CREATE UNIQUE INDEX "IX_Users_Email" ON "Users" ("Email");
2026-05-30 23:41:24.380 +07:00 [INF] Executed DbCommand (29ms) [Parameters=[], CommandType='"Text"', CommandTimeout='30']
CREATE INDEX "IX_Users_ProvinceId" ON "Users" ("ProvinceId");
2026-05-30 23:41:24.411 +07:00 [INF] Executed DbCommand (31ms) [Parameters=[], CommandType='"Text"', CommandTimeout='30']
CREATE UNIQUE INDEX "IX_Users_RefreshToken" ON "Users" ("RefreshToken") WHERE "RefreshToken" IS NOT NULL;
2026-05-30 23:41:24.441 +07:00 [INF] Executed DbCommand (29ms) [Parameters=[], CommandType='"Text"', CommandTimeout='30']
CREATE INDEX "IX_Users_WardId" ON "Users" ("WardId");
2026-05-30 23:41:24.468 +07:00 [INF] Executed DbCommand (27ms) [Parameters=[], CommandType='"Text"', CommandTimeout='30']
CREATE INDEX "IX_Wards_ProvinceId" ON "Wards" ("ProvinceId");
2026-05-30 23:41:24.496 +07:00 [INF] Executed DbCommand (28ms) [Parameters=[], CommandType='"Text"', CommandTimeout='30']
INSERT INTO "__EFMigrationsHistory" ("MigrationId", "ProductVersion")
VALUES ('20260530144227_InitialCreate', '10.0.8');
2026-05-30 23:42:22.025 +07:00 [INF] Executed DbCommand (45ms) [Parameters=[], CommandType='"Text"', CommandTimeout='30']
SELECT "MigrationId", "ProductVersion"
FROM "__EFMigrationsHistory"
ORDER BY "MigrationId";
2026-05-30 23:42:22.269 +07:00 [INF] Executed DbCommand (31ms) [Parameters=[], CommandType='"Text"', CommandTimeout='30']
SELECT 1
2026-05-30 23:42:22.349 +07:00 [INF] Executed DbCommand (35ms) [Parameters=[], CommandType='"Text"', CommandTimeout='30']
CREATE TABLE IF NOT EXISTS "__EFMigrationsHistory" (
    "MigrationId" character varying(150) NOT NULL,
    "ProductVersion" character varying(32) NOT NULL,
    CONSTRAINT "PK___EFMigrationsHistory" PRIMARY KEY ("MigrationId")
);
2026-05-30 23:42:22.385 +07:00 [INF] Acquiring an exclusive lock for migration application. See https://aka.ms/efcore-docs-migrations-lock for more information if this takes too long.
2026-05-30 23:42:22.415 +07:00 [INF] Executed DbCommand (28ms) [Parameters=[], CommandType='"Text"', CommandTimeout='30']
LOCK TABLE "__EFMigrationsHistory" IN ACCESS EXCLUSIVE MODE
2026-05-30 23:42:22.444 +07:00 [INF] Executed DbCommand (28ms) [Parameters=[], CommandType='"Text"', CommandTimeout='30']
SELECT "MigrationId", "ProductVersion"
FROM "__EFMigrationsHistory"
ORDER BY "MigrationId";
2026-05-30 23:42:22.450 +07:00 [INF] No migrations were applied. The database is already up to date.
